[03:34:22.719] [INFO] Storybook upgrade - v10.3.1
[03:34:22.720] [INFO] detect-projects-spinner-start: Detecting projects...
[03:34:22.721] [DEBUG] Finding Storybook projects...
[03:34:22.966] [DEBUG] Found 1 Storybook projects
[03:34:22.967] [INFO] detect-projects-spinner: Detecting projects: 1 projects
[03:34:22.967] [DEBUG] Getting Storybook data...
[03:34:22.967] [DEBUG] Getting Storybook info...
[03:34:23.023] [DEBUG] Loading main config...
[03:34:23.023] [DEBUG] Getting stories paths...
[03:34:23.033] [DEBUG] Getting package manager...
[03:34:23.478] [DEBUG] Getting package.json info for /Users/madda/dev/_active/agent-tiler/package.json...
[03:34:23.478] [DEBUG] Getting Storybook version...
[03:34:23.478] [DEBUG] Detecting CSF factory usage...
[03:34:23.495] [DEBUG] /.storybook - Validating before version... 10.3.0
[03:34:23.495] [DEBUG] /.storybook - Validating upgrade compatibility...
[03:34:23.495] [DEBUG] /.storybook - Fetching NPM version information...
[03:34:23.495] [DEBUG] Getting CLI versions from NPM for storybook...
[03:34:23.495] [DEBUG] Executing command: pnpm info storybook version
[03:34:23.499] [DEBUG] Getting CLI versions from NPM for storybook@next...
[03:34:23.499] [DEBUG] Executing command: pnpm info storybook@next version
[03:34:23.982] [DEBUG] /.storybook - Evaluating blockers...
[03:34:23.990] [DEBUG] Getting installed version for @storybook/experimental-addon-test...
[03:34:23.990] [DEBUG] Executing command: pnpm list "@storybook/experimental-addon-test" --json --depth=99
[03:34:24.382] [DEBUG] Installed version for @storybook/experimental-addon-test: null
[03:34:24.382] [INFO] detect-projects-spinner-stop: 1 project detected
[03:34:24.383] [DEBUG] Found 1 valid projects and 0 error projects
[03:34:24.383] [INFO] Upgrading from [1m10.3.0[22m to [1m10.3.1[22m
[03:34:24.384] [ERROR] Blockers detected

Storybook has found potential blockers that need to be resolved before upgrading:

[33mvite version < 5.0.0 support removed[39m

Support for vite version < 5.0.0 has been removed.
Storybook needs a minimum version of 5.0.0, but you have version 0.1.11.

Affected projects: /.storybook

---

After addressing this, you can try running the upgrade command again. You can also rerun the upgrade command with the [36m--force[39m flag to skip the blocker check and to proceed with the upgrade.
[03:34:24.387] [INFO] Storybook collects completely anonymous usage telemetry. We use it to shape Storybook's roadmap and prioritize features. You can learn more, including how to opt out, at https://storybook.js.org/telemetry